0 info it worked if it ends with ok
1 verbose cli [ 'node', '/usr/local/bin/npm', 'view', 'model-auth' ]
2 info using npm@1.1.65
3 info using node@v0.8.6
4 verbose url raw model-auth
5 verbose url resolving [ 'https://registry.npmjs.org/', './model-auth' ]
6 verbose url resolved https://registry.npmjs.org/model-auth
7 info trying registry request attempt 1 at 01:44:13
8 http GET https://registry.npmjs.org/model-auth
9 http 404 https://registry.npmjs.org/model-auth
10 silly registry.get cb [ 404,
10 silly registry.get   { server: 'CouchDB/1.2.0 (Erlang OTP/R15B)',
10 silly registry.get     date: 'Fri, 28 Dec 2012 07:43:03 GMT',
10 silly registry.get     'content-type': 'application/json',
10 silly registry.get     'content-length': '52',
10 silly registry.get     'cache-control': 'must-revalidate' } ]
11 error 404 'model-auth' is not in the npm registry.
11 error 404 You should bug the author to publish it
11 error 404
11 error 404 Note that you can also install from a
11 error 404 tarball, folder, or http url, or git url.
12 error System Darwin 12.2.1
13 error command "node" "/usr/local/bin/npm" "view" "model-auth"
14 error cwd /Users/Matt/Projects/model-auth
15 error node -v v0.8.6
16 error npm -v 1.1.65
17 error code E404
18 verbose exit [ 1, true ]
